<?xml version="1.0" encoding="UTF-8"?>
<coverage generated="1765035119438" clover="3.2.0">
  <project timestamp="1765035119438" name="All files">
    <metrics statements="58" coveredstatements="48" conditionals="47" coveredconditionals="36" methods="21" coveredmethods="10" elements="126" coveredelements="94" complexity="0" loc="58" ncloc="58" packages="1" files="1" classes="1"/>
    <file name="App.jsx" path="/Users/kaustuvbasak/Documents/Scalar notes/RTC/AI Sliding Window Rate Limiter/Code Implementation/frontend/src/App.jsx">
      <metrics statements="58" coveredstatements="48" conditionals="47" coveredconditionals="36" methods="21" coveredmethods="10"/>
      <line num="4" count="45" type="stmt"/>
      <line num="5" count="45" type="stmt"/>
      <line num="6" count="45" type="stmt"/>
      <line num="7" count="45" type="stmt"/>
      <line num="8" count="45" type="stmt"/>
      <line num="9" count="45" type="stmt"/>
      <line num="10" count="45" type="stmt"/>
      <line num="12" count="45" type="stmt"/>
      <line num="13" count="11" type="stmt"/>
      <line num="14" count="11" type="stmt"/>
      <line num="15" count="11" type="stmt"/>
      <line num="17" count="11" type="stmt"/>
      <line num="18" count="11" type="stmt"/>
      <line num="29" count="10" type="cond" truecount="2" falsecount="0"/>
      <line num="30" count="1" type="stmt"/>
      <line num="31" count="1" type="cond" truecount="1" falsecount="1"/>
      <line num="34" count="9" type="stmt"/>
      <line num="35" count="9" type="stmt"/>
      <line num="37" count="2" type="stmt"/>
      <line num="39" count="11" type="stmt"/>
      <line num="43" count="45" type="stmt"/>
      <line num="51" count="45" type="stmt"/>
      <line num="61" count="45" type="stmt"/>
      <line num="66" count="45" type="stmt"/>
      <line num="73" count="45" type="stmt"/>
      <line num="78" count="45" type="stmt"/>
      <line num="82" count="45" type="stmt"/>
      <line num="90" count="45" type="stmt"/>
      <line num="101" count="45" type="stmt"/>
      <line num="114" count="45" type="stmt"/>
      <line num="121" count="45" type="stmt"/>
      <line num="134" count="45" type="stmt"/>
      <line num="143" count="45" type="stmt"/>
      <line num="144" count="9" type="stmt"/>
      <line num="145" count="9" type="cond" truecount="3" falsecount="1"/>
      <line num="146" count="9" type="stmt"/>
      <line num="154" count="45" type="stmt"/>
      <line num="161" count="45" type="stmt"/>
      <line num="169" count="45" type="stmt"/>
      <line num="177" count="45" type="stmt"/>
      <line num="187" count="45" type="stmt"/>
      <line num="199" count="11" type="stmt"/>
      <line num="200" count="11" type="stmt"/>
      <line num="209" count="1" type="stmt"/>
      <line num="211" count="0" type="stmt"/>
      <line num="212" count="0" type="stmt"/>
      <line num="223" count="1" type="stmt"/>
      <line num="225" count="0" type="stmt"/>
      <line num="226" count="0" type="stmt"/>
      <line num="237" count="1" type="stmt"/>
      <line num="239" count="0" type="stmt"/>
      <line num="240" count="0" type="stmt"/>
      <line num="250" count="1" type="stmt"/>
      <line num="260" count="0" type="stmt"/>
      <line num="261" count="0" type="stmt"/>
      <line num="279" count="0" type="cond" truecount="0" falsecount="2"/>
      <line num="282" count="0" type="cond" truecount="0" falsecount="2"/>
      <line num="372" count="1" type="stmt"/>
    </file>
  </project>
</coverage>
