{"/Users/kaustuvbasak/Documents/Scalar notes/RTC/AI Sliding Window Rate Limiter/Code Implementation/frontend/src/App.jsx": {"path":"/Users/kaustuvbasak/Documents/Scalar notes/RTC/AI Sliding Window Rate Limiter/Code Implementation/frontend/src/App.jsx","statementMap":{"0":{"start":{"line":4,"column":26},"end":{"line":4,"column":null}},"1":{"start":{"line":5,"column":28},"end":{"line":5,"column":null}},"2":{"start":{"line":6,"column":30},"end":{"line":6,"column":null}},"3":{"start":{"line":7,"column":32},"end":{"line":7,"column":null}},"4":{"start":{"line":8,"column":26},"end":{"line":8,"column":null}},"5":{"start":{"line":9,"column":28},"end":{"line":9,"column":null}},"6":{"start":{"line":10,"column":24},"end":{"line":10,"column":null}},"7":{"start":{"line":12,"column":22},"end":{"line":41,"column":null}},"8":{"start":{"line":13,"column":4},"end":{"line":13,"column":null}},"9":{"start":{"line":14,"column":4},"end":{"line":14,"column":null}},"10":{"start":{"line":15,"column":4},"end":{"line":15,"column":null}},"11":{"start":{"line":17,"column":4},"end":{"line":40,"column":null}},"12":{"start":{"line":18,"column":18},"end":{"line":27,"column":null}},"13":{"start":{"line":29,"column":6},"end":{"line":32,"column":null}},"14":{"start":{"line":30,"column":21},"end":{"line":30,"column":null}},"15":{"start":{"line":30,"column":51},"end":{"line":30,"column":54}},"16":{"start":{"line":31,"column":8},"end":{"line":31,"column":null}},"17":{"start":{"line":34,"column":19},"end":{"line":34,"column":null}},"18":{"start":{"line":35,"column":6},"end":{"line":35,"column":null}},"19":{"start":{"line":37,"column":6},"end":{"line":37,"column":null}},"20":{"start":{"line":39,"column":6},"end":{"line":39,"column":null}},"21":{"start":{"line":43,"column":25},"end":{"line":49,"column":null}},"22":{"start":{"line":51,"column":24},"end":{"line":59,"column":null}},"23":{"start":{"line":61,"column":22},"end":{"line":64,"column":null}},"24":{"start":{"line":66,"column":21},"end":{"line":71,"column":null}},"25":{"start":{"line":73,"column":24},"end":{"line":76,"column":null}},"26":{"start":{"line":78,"column":25},"end":{"line":80,"column":null}},"27":{"start":{"line":82,"column":21},"end":{"line":88,"column":null}},"28":{"start":{"line":90,"column":21},"end":{"line":99,"column":null}},"29":{"start":{"line":101,"column":22},"end":{"line":112,"column":null}},"30":{"start":{"line":114,"column":26},"end":{"line":119,"column":null}},"31":{"start":{"line":121,"column":27},"end":{"line":132,"column":null}},"32":{"start":{"line":121,"column":41},"end":{"line":132,"column":null}},"33":{"start":{"line":134,"column":27},"end":{"line":141,"column":null}},"34":{"start":{"line":143,"column":28},"end":{"line":152,"column":null}},"35":{"start":{"line":144,"column":23},"end":{"line":144,"column":null}},"36":{"start":{"line":145,"column":18},"end":{"line":145,"column":null}},"37":{"start":{"line":146,"column":4},"end":{"line":151,"column":null}},"38":{"start":{"line":154,"column":26},"end":{"line":159,"column":null}},"39":{"start":{"line":161,"column":26},"end":{"line":167,"column":null}},"40":{"start":{"line":169,"column":30},"end":{"line":175,"column":null}},"41":{"start":{"line":177,"column":21},"end":{"line":185,"column":null}},"42":{"start":{"line":187,"column":2},"end":{"line":426,"column":null}},"43":{"start":{"line":199,"column":12},"end":{"line":199,"column":null}},"44":{"start":{"line":200,"column":12},"end":{"line":200,"column":null}},"45":{"start":{"line":209,"column":31},"end":{"line":209,"column":null}},"46":{"start":{"line":211,"column":31},"end":{"line":211,"column":null}},"47":{"start":{"line":212,"column":30},"end":{"line":212,"column":null}},"48":{"start":{"line":223,"column":31},"end":{"line":223,"column":null}},"49":{"start":{"line":225,"column":31},"end":{"line":225,"column":null}},"50":{"start":{"line":226,"column":30},"end":{"line":226,"column":null}},"51":{"start":{"line":237,"column":31},"end":{"line":237,"column":null}},"52":{"start":{"line":239,"column":31},"end":{"line":239,"column":null}},"53":{"start":{"line":240,"column":30},"end":{"line":240,"column":null}},"54":{"start":{"line":250,"column":31},"end":{"line":250,"column":null}},"55":{"start":{"line":260,"column":31},"end":{"line":260,"column":null}},"56":{"start":{"line":261,"column":30},"end":{"line":261,"column":null}},"57":{"start":{"line":279,"column":14},"end":{"line":279,"column":null}},"58":{"start":{"line":279,"column":28},"end":{"line":279,"column":null}},"59":{"start":{"line":282,"column":14},"end":{"line":282,"column":null}},"60":{"start":{"line":282,"column":28},"end":{"line":282,"column":null}},"61":{"start":{"line":372,"column":20},"end":{"line":408,"column":null}}},"fnMap":{"0":{"name":"App","decl":{"start":{"line":3,"column":9},"end":{"line":3,"column":15}},"loc":{"start":{"line":3,"column":15},"end":{"line":428,"column":null}},"line":3},"1":{"name":"(anonymous_1)","decl":{"start":{"line":12,"column":22},"end":{"line":12,"column":34}},"loc":{"start":{"line":12,"column":34},"end":{"line":41,"column":null}},"line":12},"2":{"name":"(anonymous_2)","decl":{"start":{"line":30,"column":44},"end":{"line":30,"column":51}},"loc":{"start":{"line":30,"column":51},"end":{"line":30,"column":54}},"line":30},"3":{"name":"(anonymous_3)","decl":{"start":{"line":121,"column":27},"end":{"line":121,"column":28}},"loc":{"start":{"line":121,"column":41},"end":{"line":132,"column":null}},"line":121},"4":{"name":"(anonymous_4)","decl":{"start":{"line":143,"column":28},"end":{"line":143,"column":29}},"loc":{"start":{"line":143,"column":46},"end":{"line":152,"column":null}},"line":143},"5":{"name":"(anonymous_5)","decl":{"start":{"line":198,"column":20},"end":{"line":198,"column":21}},"loc":{"start":{"line":198,"column":27},"end":{"line":201,"column":null}},"line":198},"6":{"name":"(anonymous_6)","decl":{"start":{"line":209,"column":24},"end":{"line":209,"column":25}},"loc":{"start":{"line":209,"column":31},"end":{"line":209,"column":null}},"line":209},"7":{"name":"(anonymous_7)","decl":{"start":{"line":211,"column":23},"end":{"line":211,"column":24}},"loc":{"start":{"line":211,"column":31},"end":{"line":211,"column":null}},"line":211},"8":{"name":"(anonymous_8)","decl":{"start":{"line":212,"column":22},"end":{"line":212,"column":23}},"loc":{"start":{"line":212,"column":30},"end":{"line":212,"column":null}},"line":212},"9":{"name":"(anonymous_9)","decl":{"start":{"line":223,"column":24},"end":{"line":223,"column":25}},"loc":{"start":{"line":223,"column":31},"end":{"line":223,"column":null}},"line":223},"10":{"name":"(anonymous_10)","decl":{"start":{"line":225,"column":23},"end":{"line":225,"column":24}},"loc":{"start":{"line":225,"column":31},"end":{"line":225,"column":null}},"line":225},"11":{"name":"(anonymous_11)","decl":{"start":{"line":226,"column":22},"end":{"line":226,"column":23}},"loc":{"start":{"line":226,"column":30},"end":{"line":226,"column":null}},"line":226},"12":{"name":"(anonymous_12)","decl":{"start":{"line":237,"column":24},"end":{"line":237,"column":25}},"loc":{"start":{"line":237,"column":31},"end":{"line":237,"column":null}},"line":237},"13":{"name":"(anonymous_13)","decl":{"start":{"line":239,"column":23},"end":{"line":239,"column":24}},"loc":{"start":{"line":239,"column":31},"end":{"line":239,"column":null}},"line":239},"14":{"name":"(anonymous_14)","decl":{"start":{"line":240,"column":22},"end":{"line":240,"column":23}},"loc":{"start":{"line":240,"column":30},"end":{"line":240,"column":null}},"line":240},"15":{"name":"(anonymous_15)","decl":{"start":{"line":250,"column":24},"end":{"line":250,"column":25}},"loc":{"start":{"line":250,"column":31},"end":{"line":250,"column":null}},"line":250},"16":{"name":"(anonymous_16)","decl":{"start":{"line":260,"column":23},"end":{"line":260,"column":24}},"loc":{"start":{"line":260,"column":31},"end":{"line":260,"column":null}},"line":260},"17":{"name":"(anonymous_17)","decl":{"start":{"line":261,"column":22},"end":{"line":261,"column":23}},"loc":{"start":{"line":261,"column":30},"end":{"line":261,"column":null}},"line":261},"18":{"name":"(anonymous_18)","decl":{"start":{"line":278,"column":26},"end":{"line":278,"column":27}},"loc":{"start":{"line":278,"column":33},"end":{"line":280,"column":null}},"line":278},"19":{"name":"(anonymous_19)","decl":{"start":{"line":281,"column":26},"end":{"line":281,"column":27}},"loc":{"start":{"line":281,"column":33},"end":{"line":283,"column":null}},"line":281},"20":{"name":"(anonymous_20)","decl":{"start":{"line":371,"column":40},"end":{"line":371,"column":41}},"loc":{"start":{"line":372,"column":20},"end":{"line":408,"column":null}},"line":372}},"branchMap":{"0":{"loc":{"start":{"line":29,"column":6},"end":{"line":32,"column":null}},"type":"if","locations":[{"start":{"line":29,"column":6},"end":{"line":32,"column":null}},{"start":{},"end":{}}],"line":29},"1":{"loc":{"start":{"line":31,"column":24},"end":{"line":31,"column":55}},"type":"binary-expr","locations":[{"start":{"line":31,"column":24},"end":{"line":31,"column":39}},{"start":{"line":31,"column":39},"end":{"line":31,"column":55}}],"line":31},"2":{"loc":{"start":{"line":129,"column":21},"end":{"line":129,"column":null}},"type":"cond-expr","locations":[{"start":{"line":129,"column":31},"end":{"line":129,"column":59}},{"start":{"line":129,"column":59},"end":{"line":129,"column":null}}],"line":129},"3":{"loc":{"start":{"line":130,"column":11},"end":{"line":130,"column":null}},"type":"cond-expr","locations":[{"start":{"line":130,"column":21},"end":{"line":130,"column":40}},{"start":{"line":130,"column":40},"end":{"line":130,"column":null}}],"line":130},"4":{"loc":{"start":{"line":145,"column":18},"end":{"line":145,"column":null}},"type":"cond-expr","locations":[{"start":{"line":145,"column":36},"end":{"line":145,"column":54}},{"start":{"line":145,"column":54},"end":{"line":145,"column":null}}],"line":145},"5":{"loc":{"start":{"line":145,"column":54},"end":{"line":145,"column":null}},"type":"cond-expr","locations":[{"start":{"line":145,"column":72},"end":{"line":145,"column":91}},{"start":{"line":145,"column":91},"end":{"line":145,"column":null}}],"line":145},"6":{"loc":{"start":{"line":274,"column":31},"end":{"line":274,"column":null}},"type":"cond-expr","locations":[{"start":{"line":274,"column":41},"end":{"line":274,"column":61}},{"start":{"line":274,"column":61},"end":{"line":274,"column":null}}],"line":274},"7":{"loc":{"start":{"line":275,"column":22},"end":{"line":275,"column":null}},"type":"cond-expr","locations":[{"start":{"line":275,"column":32},"end":{"line":275,"column":48}},{"start":{"line":275,"column":48},"end":{"line":275,"column":null}}],"line":275},"8":{"loc":{"start":{"line":276,"column":23},"end":{"line":276,"column":null}},"type":"cond-expr","locations":[{"start":{"line":276,"column":33},"end":{"line":276,"column":39}},{"start":{"line":276,"column":39},"end":{"line":276,"column":null}}],"line":276},"9":{"loc":{"start":{"line":279,"column":14},"end":{"line":279,"column":null}},"type":"if","locations":[{"start":{"line":279,"column":14},"end":{"line":279,"column":null}},{"start":{},"end":{}}],"line":279},"10":{"loc":{"start":{"line":282,"column":14},"end":{"line":282,"column":null}},"type":"if","locations":[{"start":{"line":282,"column":14},"end":{"line":282,"column":null}},{"start":{},"end":{}}],"line":282},"11":{"loc":{"start":{"line":285,"column":13},"end":{"line":285,"column":null}},"type":"cond-expr","locations":[{"start":{"line":285,"column":23},"end":{"line":285,"column":39}},{"start":{"line":285,"column":39},"end":{"line":285,"column":null}}],"line":285},"12":{"loc":{"start":{"line":290,"column":9},"end":{"line":290,"column":null}},"type":"binary-expr","locations":[{"start":{"line":290,"column":9},"end":{"line":290,"column":18}},{"start":{"line":290,"column":18},"end":{"line":290,"column":null}}],"line":290},"13":{"loc":{"start":{"line":293,"column":9},"end":{"line":423,"column":null}},"type":"binary-expr","locations":[{"start":{"line":293,"column":9},"end":{"line":293,"column":null}},{"start":{"line":294,"column":10},"end":{"line":423,"column":null}}],"line":293},"14":{"loc":{"start":{"line":296,"column":15},"end":{"line":296,"column":null}},"type":"cond-expr","locations":[{"start":{"line":296,"column":32},"end":{"line":296,"column":54}},{"start":{"line":296,"column":54},"end":{"line":296,"column":null}}],"line":296},"15":{"loc":{"start":{"line":330,"column":19},"end":{"line":332,"column":null}},"type":"cond-expr","locations":[{"start":{"line":331,"column":22},"end":{"line":331,"column":null}},{"start":{"line":332,"column":22},"end":{"line":332,"column":null}}],"line":330},"16":{"loc":{"start":{"line":334,"column":17},"end":{"line":334,"column":68}},"type":"cond-expr","locations":[{"start":{"line":334,"column":48},"end":{"line":334,"column":58}},{"start":{"line":334,"column":58},"end":{"line":334,"column":68}}],"line":334},"17":{"loc":{"start":{"line":339,"column":13},"end":{"line":353,"column":null}},"type":"binary-expr","locations":[{"start":{"line":339,"column":13},"end":{"line":339,"column":29}},{"start":{"line":339,"column":29},"end":{"line":339,"column":null}},{"start":{"line":340,"column":14},"end":{"line":353,"column":null}}],"line":339},"18":{"loc":{"start":{"line":357,"column":13},"end":{"line":410,"column":null}},"type":"binary-expr","locations":[{"start":{"line":357,"column":13},"end":{"line":357,"column":null}},{"start":{"line":358,"column":14},"end":{"line":358,"column":null}},{"start":{"line":359,"column":14},"end":{"line":359,"column":null}},{"start":{"line":360,"column":16},"end":{"line":410,"column":null}}],"line":357},"19":{"loc":{"start":{"line":375,"column":24},"end":{"line":377,"column":null}},"type":"cond-expr","locations":[{"start":{"line":376,"column":28},"end":{"line":376,"column":null}},{"start":{"line":377,"column":28},"end":{"line":377,"column":null}}],"line":375},"20":{"loc":{"start":{"line":402,"column":27},"end":{"line":404,"column":null}},"type":"cond-expr","locations":[{"start":{"line":403,"column":30},"end":{"line":403,"column":null}},{"start":{"line":404,"column":30},"end":{"line":404,"column":null}}],"line":402},"21":{"loc":{"start":{"line":406,"column":25},"end":{"line":406,"column":71}},"type":"cond-expr","locations":[{"start":{"line":406,"column":51},"end":{"line":406,"column":61}},{"start":{"line":406,"column":61},"end":{"line":406,"column":71}}],"line":406}},"s":{"0":45,"1":45,"2":45,"3":45,"4":45,"5":45,"6":45,"7":45,"8":11,"9":11,"10":11,"11":11,"12":11,"13":10,"14":1,"15":0,"16":1,"17":9,"18":9,"19":2,"20":11,"21":45,"22":45,"23":45,"24":45,"25":45,"26":45,"27":45,"28":45,"29":45,"30":45,"31":45,"32":9,"33":45,"34":45,"35":9,"36":9,"37":9,"38":45,"39":45,"40":45,"41":45,"42":45,"43":11,"44":11,"45":1,"46":0,"47":0,"48":1,"49":0,"50":0,"51":1,"52":0,"53":0,"54":1,"55":0,"56":0,"57":0,"58":0,"59":0,"60":0,"61":1},"f":{"0":45,"1":11,"2":0,"3":9,"4":9,"5":11,"6":1,"7":0,"8":0,"9":1,"10":0,"11":0,"12":1,"13":0,"14":0,"15":1,"16":0,"17":0,"18":0,"19":0,"20":1},"b":{"0":[1,9],"1":[1,0],"2":[7,2],"3":[7,2],"4":[2,7],"5":[0,7],"6":[11,34],"7":[11,34],"8":[11,34],"9":[0,0],"10":[0,0],"11":[11,34],"12":[45,2],"13":[45,9],"14":[7,2],"15":[9,0],"16":[9,0],"17":[9,2,2],"18":[9,7,4,1],"19":[1,0],"20":[1,0],"21":[1,0]},"meta":{"lastBranch":22,"lastFunction":21,"lastStatement":62,"seen":{"f:3:9:3:15":0,"s:4:26:4:Infinity":0,"s:5:28:5:Infinity":1,"s:6:30:6:Infinity":2,"s:7:32:7:Infinity":3,"s:8:26:8:Infinity":4,"s:9:28:9:Infinity":5,"s:10:24:10:Infinity":6,"s:12:22:41:Infinity":7,"f:12:22:12:34":1,"s:13:4:13:Infinity":8,"s:14:4:14:Infinity":9,"s:15:4:15:Infinity":10,"s:17:4:40:Infinity":11,"s:18:18:27:Infinity":12,"b:29:6:32:Infinity:undefined:undefined:undefined:undefined":0,"s:29:6:32:Infinity":13,"s:30:21:30:Infinity":14,"f:30:44:30:51":2,"s:30:51:30:54":15,"s:31:8:31:Infinity":16,"b:31:24:31:39:31:39:31:55":1,"s:34:19:34:Infinity":17,"s:35:6:35:Infinity":18,"s:37:6:37:Infinity":19,"s:39:6:39:Infinity":20,"s:43:25:49:Infinity":21,"s:51:24:59:Infinity":22,"s:61:22:64:Infinity":23,"s:66:21:71:Infinity":24,"s:73:24:76:Infinity":25,"s:78:25:80:Infinity":26,"s:82:21:88:Infinity":27,"s:90:21:99:Infinity":28,"s:101:22:112:Infinity":29,"s:114:26:119:Infinity":30,"s:121:27:132:Infinity":31,"f:121:27:121:28":3,"s:121:41:132:Infinity":32,"b:129:31:129:59:129:59:129:Infinity":2,"b:130:21:130:40:130:40:130:Infinity":3,"s:134:27:141:Infinity":33,"s:143:28:152:Infinity":34,"f:143:28:143:29":4,"s:144:23:144:Infinity":35,"s:145:18:145:Infinity":36,"b:145:36:145:54:145:54:145:Infinity":4,"b:145:72:145:91:145:91:145:Infinity":5,"s:146:4:151:Infinity":37,"s:154:26:159:Infinity":38,"s:161:26:167:Infinity":39,"s:169:30:175:Infinity":40,"s:177:21:185:Infinity":41,"s:187:2:426:Infinity":42,"f:198:20:198:21":5,"s:199:12:199:Infinity":43,"s:200:12:200:Infinity":44,"f:209:24:209:25":6,"s:209:31:209:Infinity":45,"f:211:23:211:24":7,"s:211:31:211:Infinity":46,"f:212:22:212:23":8,"s:212:30:212:Infinity":47,"f:223:24:223:25":9,"s:223:31:223:Infinity":48,"f:225:23:225:24":10,"s:225:31:225:Infinity":49,"f:226:22:226:23":11,"s:226:30:226:Infinity":50,"f:237:24:237:25":12,"s:237:31:237:Infinity":51,"f:239:23:239:24":13,"s:239:31:239:Infinity":52,"f:240:22:240:23":14,"s:240:30:240:Infinity":53,"f:250:24:250:25":15,"s:250:31:250:Infinity":54,"f:260:23:260:24":16,"s:260:31:260:Infinity":55,"f:261:22:261:23":17,"s:261:30:261:Infinity":56,"b:274:41:274:61:274:61:274:Infinity":6,"b:275:32:275:48:275:48:275:Infinity":7,"b:276:33:276:39:276:39:276:Infinity":8,"f:278:26:278:27":18,"b:279:14:279:Infinity:undefined:undefined:undefined:undefined":9,"s:279:14:279:Infinity":57,"s:279:28:279:Infinity":58,"f:281:26:281:27":19,"b:282:14:282:Infinity:undefined:undefined:undefined:undefined":10,"s:282:14:282:Infinity":59,"s:282:28:282:Infinity":60,"b:285:23:285:39:285:39:285:Infinity":11,"b:290:9:290:18:290:18:290:Infinity":12,"b:293:9:293:Infinity:294:10:423:Infinity":13,"b:296:32:296:54:296:54:296:Infinity":14,"b:331:22:331:Infinity:332:22:332:Infinity":15,"b:334:48:334:58:334:58:334:68":16,"b:339:13:339:29:339:29:339:Infinity:340:14:353:Infinity":17,"b:357:13:357:Infinity:358:14:358:Infinity:359:14:359:Infinity:360:16:410:Infinity":18,"f:371:40:371:41":20,"s:372:20:408:Infinity":61,"b:376:28:376:Infinity:377:28:377:Infinity":19,"b:403:30:403:Infinity:404:30:404:Infinity":20,"b:406:51:406:61:406:61:406:71":21}}}
}
